Determining if the pthread_create exist failed with the following output:
Change Dir: /home/seba/MRP/MRP-Praktikum/mrp_ws/build/CMakeFiles/CMakeTmp

Run Build Command:"/usr/bin/make" "cmTC_bae3a/fast"
/usr/bin/make -f CMakeFiles/cmTC_bae3a.dir/build.make CMakeFiles/cmTC_bae3a.dir/build
make[1]: Entering directory '/home/seba/MRP/MRP-Praktikum/mrp_ws/build/CMakeFiles/CMakeTmp'
Building C object CMakeFiles/cmTC_bae3a.dir/CheckSymbolExists.c.o
/usr/bin/cc     -o CMakeFiles/cmTC_bae3a.dir/CheckSymbolExists.c.o   -c /home/seba/MRP/MRP-Praktikum/mrp_ws/build/CMakeFiles/CMakeTmp/CheckSymbolExists.c
Linking C executable cmTC_bae3a
/usr/bin/cmake -E cmake_link_script CMakeFiles/cmTC_bae3a.dir/link.txt --verbose=1
/usr/bin/cc       CMakeFiles/cmTC_bae3a.dir/CheckSymbolExists.c.o  -o cmTC_bae3a -rdynamic 
CMakeFiles/cmTC_bae3a.dir/CheckSymbolExists.c.o: In function `main':
CheckSymbolExists.c:(.text+0x16): undefined reference to `pthread_create'
collect2: error: ld returned 1 exit status
CMakeFiles/cmTC_bae3a.dir/build.make:97: recipe for target 'cmTC_bae3a' failed
make[1]: *** [cmTC_bae3a] Error 1
make[1]: Leaving directory '/home/seba/MRP/MRP-Praktikum/mrp_ws/build/CMakeFiles/CMakeTmp'
Makefile:126: recipe for target 'cmTC_bae3a/fast' failed
make: *** [cmTC_bae3a/fast] Error 2

File /home/seba/MRP/MRP-Praktikum/mrp_ws/build/CMakeFiles/CMakeTmp/CheckSymbolExists.c:
/* */
#include <pthread.h>

int main(int argc, char** argv)
{
  (void)argv;
#ifndef pthread_create
  return ((int*)(&pthread_create))[argc];
#else
  (void)argc;
  return 0;
#endif
}

Determining if the function pthread_create exists in the pthreads failed with the following output:
Change Dir: /home/seba/MRP/MRP-Praktikum/mrp_ws/build/CMakeFiles/CMakeTmp

Run Build Command:"/usr/bin/make" "cmTC_fb821/fast"
/usr/bin/make -f CMakeFiles/cmTC_fb821.dir/build.make CMakeFiles/cmTC_fb821.dir/build
make[1]: Entering directory '/home/seba/MRP/MRP-Praktikum/mrp_ws/build/CMakeFiles/CMakeTmp'
Building C object CMakeFiles/cmTC_fb821.dir/CheckFunctionExists.c.o
/usr/bin/cc    -DCHECK_FUNCTION_EXISTS=pthread_create   -o CMakeFiles/cmTC_fb821.dir/CheckFunctionExists.c.o   -c /usr/share/cmake-3.5/Modules/CheckFunctionExists.c
Linking C executable cmTC_fb821
/usr/bin/cmake -E cmake_link_script CMakeFiles/cmTC_fb821.dir/link.txt --verbose=1
/usr/bin/cc   -DCHECK_FUNCTION_EXISTS=pthread_create    CMakeFiles/cmTC_fb821.dir/CheckFunctionExists.c.o  -o cmTC_fb821 -rdynamic -lpthreads 
/usr/bin/ld: cannot find -lpthreads
collect2: error: ld returned 1 exit status
CMakeFiles/cmTC_fb821.dir/build.make:97: recipe for target 'cmTC_fb821' failed
make[1]: *** [cmTC_fb821] Error 1
make[1]: Leaving directory '/home/seba/MRP/MRP-Praktikum/mrp_ws/build/CMakeFiles/CMakeTmp'
Makefile:126: recipe for target 'cmTC_fb821/fast' failed
make: *** [cmTC_fb821/fast] Error 2


